

Starting up. 19:29.58
---------------------


Starting up. 19:31.04
---------------------
[19:31:19]ATTACK: giant rad scorpion (869) attacked Default Cyborg-221  (NEWHP: 100)(40,159,1)
[19:31:21]ATTACK: giant rad scorpion (869) attacked Default Cyborg-221  (NEWHP: 83)(40,159,1)
[19:31:22]ATTACK: giant rad scorpion (869) attacked Default Cyborg-221  (NEWHP: 68)(40,159,1)
[19:31:24]ATTACK: giant rad scorpion (869) attacked Default Cyborg-221  (NEWHP: 50)(40,159,1)
[19:31:26]ATTACK: giant rad scorpion (869) attacked Default Cyborg-221  (NEWHP: 32)(40,159,1)
[19:31:29]ATTACK: giant rad scorpion (869) attacked Default Cyborg-221  (NEWHP: 12)(40,159,1)
[19:31:31]ATTACK: giant rad scorpion (869) attacked Default Cyborg-221  (NEWHP: -4)(40,159,1)
[19:31:33]ATTACK: giant rad scorpion (869) attacked Default Cyborg-221  (NEWHP: -19)(40,159,1)
[19:31:35]ATTACK: giant rad scorpion (869) attacked Default Cyborg-221  (NEWHP: -34)(40,159,1)
[19:31:38]ATTACK: giant rad scorpion (869) attacked Default Cyborg-221  (NEWHP: -52)(40,159,1)
[19:31:40]ATTACK: giant rad scorpion (869) attacked Default Cyborg-221  (NEWHP: -72)(40,159,1)
[19:31:42]ATTACK: giant rad scorpion (869) attacked Default Cyborg-221  (NEWHP: -90)(40,159,1)
[19:35:52]ATTACK: Gekkon attacked Alexis Moon(noobpwnt4lif3)  (NEWHP: 100)(50,95,1)
[19:35:57]ATTACK: Alexis Moon(noobpwnt4lif3) shot Gekkon with the bullet (NEWHP: 27)(36,96,1)
[19:35:57]ATTACK: Alexis Moon(noobpwnt4lif3) shot Gekkon with the bullet (NEWHP: 0)(36,96,1)
[19:36:07]ATTACK: Alexis Moon(noobpwnt4lif3) shot Gekkon with the bullet (NEWHP: 27)(68,96,1)
[19:36:08]ATTACK: Alexis Moon(noobpwnt4lif3) shot Gekkon with the bullet (NEWHP: 0)(64,96,1)
[19:36:09]ATTACK: Alexis Moon(noobpwnt4lif3) shot Gekkon with the bullet (NEWHP: 27)(62,96,1)
[19:36:10]ATTACK: Alexis Moon(noobpwnt4lif3) shot Gekkon with the bullet (NEWHP: 0)(58,96,1)
[19:36:22]ATTACK: Alexis Moon(noobpwnt4lif3) shot Gekkon with the bullet (NEWHP: 15)(70,86,1)
[19:36:23]ATTACK: Alexis Moon(noobpwnt4lif3) shot Gekkon with the bullet (NEWHP: 0)(70,91,1)
[19:36:28]ATTACK: Alexis Moon(noobpwnt4lif3) hit Gekkon with the NanoTrasen Saber SMG (NEWHP: 55)(69,96,1)
[19:36:30]ATTACK: Alexis Moon(noobpwnt4lif3) shot Gekkon with the bullet (NEWHP: 22)(62,96,1)
[19:36:31]ATTACK: Alexis Moon(noobpwnt4lif3) shot Gekkon with the bullet (NEWHP: 0)(59,96,1)
[19:38:33]ATTACK: Raider shot Raider with the bullet (NEWHP: 65)(136,240,1)
[19:38:39]ATTACK: Raider shot Raider with the bullet (NEWHP: 30)(136,240,1)
[19:39:00]ATTACK: NON-EXISTANT SUBJECT shot Gunner with the bullet (NEWHP: 255)(26,130,1)
[19:39:00]ATTACK: Raider shot Raider with the bullet (NEWHP: 65)(136,239,1)
[19:39:01]ATTACK: Alexis Moon(noobpwnt4lif3) shot Gunner with the bullet (NEWHP: 267)(34,127,1)
[19:39:03]ATTACK: Alexis Moon(noobpwnt4lif3) shot Gunner with the bullet (NEWHP: 222)(38,135,1)
[19:39:03]ATTACK: Alexis Moon(noobpwnt4lif3) shot Gunner with the bullet (NEWHP: 189)(40,135,1)
[19:39:04]ATTACK: Alexis Moon(noobpwnt4lif3) shot Gunner with the bullet (NEWHP: 234)(42,134,1)
[19:39:04]ATTACK: Gunner shot Gunner with the bullet (NEWHP: 149)(44,133,1)
[19:39:05]ATTACK: Alexis Moon(noobpwnt4lif3) shot Gunner with the bullet (NEWHP: 201)(44,131,1)
[19:39:06]ATTACK: Gunner attacked Alexis Moon(noobpwnt4lif3)  (NEWHP: 89)(44,126,1)
[19:39:09]ATTACK: Gunner shot Alexis Moon(noobpwnt4lif3) with the bullet (NEWHP: 79)(41,135,1)
[19:39:09]ATTACK: Alexis Moon(noobpwnt4lif3) shot Gunner with the bullet (NEWHP: 116)(43,131,1)
[19:39:09]ATTACK: Alexis Moon(noobpwnt4lif3) shot Gunner with the bullet (NEWHP: 83)(41,132,1)
[19:39:10]ATTACK: Gunner attacked Alexis Moon(noobpwnt4lif3)  (NEWHP: 39)(38,135,1)
[19:39:11]ATTACK: Alexis Moon(noobpwnt4lif3) shot Gunner with the bullet (NEWHP: 50)(40,133,1)
[19:39:12]ATTACK: Raider shot Raider with the bullet (NEWHP: 30)(136,239,1)
[19:39:14]ATTACK: Gunner attacked Alexis Moon(noobpwnt4lif3)  (NEWHP: 29)(34,134,1)
[19:39:14]ATTACK: Alexis Moon(noobpwnt4lif3) shot Gunner with the bullet (NEWHP: 17)(36,132,1)
[19:39:15]ATTACK: NON-EXISTANT SUBJECT shot Alexis Moon(noobpwnt4lif3) with the bullet (NEWHP: 19)(35,135,1)
[19:39:15]ATTACK: Alexis Moon(noobpwnt4lif3) shot Aliyah Metzer with the bullet (NEWHP: 100)(36,132,1)
[19:40:23]ATTACK: NON-EXISTANT SUBJECT shot Alexis Moon(noobpwnt4lif3) with the bullet (NEWHP: 100)(34,135,1)
[19:40:26]ATTACK: Gunner shot Alexis Moon(noobpwnt4lif3) with the bullet (NEWHP: 55)(41,136,1)
[19:40:26]ATTACK: Gunner shot Alexis Moon(noobpwnt4lif3) with the bullet (NEWHP: 55)(41,136,1)
[19:40:31]ATTACK: Gunner shot Alexis Moon(noobpwnt4lif3) with the bullet (NEWHP: -5)(42,136,1)
[19:40:31]ATTACK: Gunner shot Alexis Moon(noobpwnt4lif3) with the bullet (NEWHP: -5)(42,136,1)
[19:40:32]ATTACK: Gunner shot Alexis Moon(noobpwnt4lif3) with the bullet (NEWHP: -5)(42,136,1)
[19:44:46]ATTACK: Gunner shot Unknown(noobpwnt4lif3) with the bullet (NEWHP: 100)(42,136,1)
[19:44:47]ATTACK: Gunner shot Unknown(noobpwnt4lif3) with the bullet (NEWHP: 100)(42,136,1)
[19:44:51]ATTACK: Unknown(noobpwnt4lif3) shot Gunner with the bullet (NEWHP: 168)(37,135,1)
[19:44:52]ATTACK: Gunner shot Unknown(noobpwnt4lif3) with the bullet (NEWHP: 100)(35,135,1)
[19:44:52]ATTACK: Gunner shot Unknown(noobpwnt4lif3) with the bullet (NEWHP: 100)(35,135,1)
[19:44:53]ATTACK: Gunner shot Unknown(noobpwnt4lif3) with the bullet (NEWHP: 100)(35,135,1)
[19:44:55]ATTACK: NON-EXISTANT SUBJECT shot Unknown(noobpwnt4lif3) with the bullet (NEWHP: 100)(35,135,1)
[19:44:56]ATTACK: Unknown(noobpwnt4lif3) attacked Gunner with Powergauntlet(INTENT: HARM) (DAMTYPE: BRUTE) (NEWHP: 133)(37,135,1)
[19:44:56]ATTACK: Gunner attacked Unknown(noobpwnt4lif3)  (NEWHP: 100)(36,135,1)
[19:44:58]ATTACK: Gunner shot Unknown(noobpwnt4lif3) with the bullet (NEWHP: 100)(35,135,1)
[19:44:58]ATTACK: Gunner shot Unknown(noobpwnt4lif3) with the bullet (NEWHP: 100)(36,135,1)
[19:44:59]ATTACK: Gunner shot Unknown(noobpwnt4lif3) with the bullet (NEWHP: 100)(36,135,1)
[19:44:59]ATTACK: Unknown(noobpwnt4lif3) attacked Gunner with Powergauntlet(INTENT: HARM) (DAMTYPE: BRUTE) (NEWHP: 98)(37,135,1)
[19:45:00]ATTACK: Gunner attacked Unknown(noobpwnt4lif3)  (NEWHP: 100)(36,135,1)
[19:45:01]ATTACK: Raider shot Gekkon with the pellet (NEWHP: 40)(136,89,1)
[19:45:03]ATTACK: Unknown(noobpwnt4lif3) attacked Gunner with Powergauntlet(INTENT: HARM) (DAMTYPE: BRUTE) (NEWHP: 63)(44,135,1)
[19:45:04]ATTACK: Gekkon attacked Raider  (NEWHP: 100)(138,89,1)
[19:45:04]ATTACK: Gunner attacked Unknown(noobpwnt4lif3)  (NEWHP: 100)(43,135,1)
[19:45:04]ATTACK: Raider attacked Gekkon  (NEWHP: 40)(137,89,1)
[19:45:06]ATTACK: Gekkon attacked Raider  (NEWHP: 86)(146,89,1)
[19:45:06]ATTACK: Raider attacked Gekkon  (NEWHP: 15)(145,89,1)
[19:45:06]ATTACK: Gunner shot Unknown(noobpwnt4lif3) with the bullet (NEWHP: 100)(46,134,1)
[19:45:06]ATTACK: Unknown(noobpwnt4lif3) attacked Gunner with Powergauntlet(INTENT: HARM) (DAMTYPE: BRUTE) (NEWHP: 28)(47,132,1)
[19:45:06]ATTACK: Gunner shot Unknown(noobpwnt4lif3) with the bullet (NEWHP: 100)(46,133,1)
[19:45:07]ATTACK: Gunner shot Unknown(noobpwnt4lif3) with the bullet (NEWHP: 100)(46,133,1)
[19:45:08]ATTACK: Unknown(noobpwnt4lif3) attacked Gunner with Powergauntlet(INTENT: HARM) (DAMTYPE: BRUTE) (NEWHP: 100)(47,132,1)
[19:45:46]ATTACK: NON-EXISTANT SUBJECT shot Unknown(noobpwnt4lif3) with the bullet (NEWHP: 100)(31,130,1)
[19:45:46]ATTACK: NON-EXISTANT SUBJECT shot Unknown(noobpwnt4lif3) with the bullet (NEWHP: 100)(31,130,1)
[19:45:47]ATTACK: NON-EXISTANT SUBJECT shot Unknown(noobpwnt4lif3) with the bullet (NEWHP: 100)(30,130,1)
[19:45:48]ATTACK: NON-EXISTANT SUBJECT shot Unknown(noobpwnt4lif3) with the bullet (NEWHP: 100)(30,130,1)
[19:45:48]ATTACK: NON-EXISTANT SUBJECT shot Unknown(noobpwnt4lif3) with the bullet (NEWHP: 100)(30,130,1)
[19:45:50]ATTACK: NON-EXISTANT SUBJECT shot Unknown(noobpwnt4lif3) with the bullet (NEWHP: 100)(30,130,1)
[19:45:50]ATTACK: NON-EXISTANT SUBJECT shot Unknown(noobpwnt4lif3) with the bullet (NEWHP: 100)(30,130,1)
[19:45:52]ATTACK: NON-EXISTANT SUBJECT shot Unknown(noobpwnt4lif3) with the bullet (NEWHP: 100)(27,130,1)
[19:45:52]ATTACK: NON-EXISTANT SUBJECT shot Unknown(noobpwnt4lif3) with the bullet (NEWHP: 100)(27,130,1)
[19:45:54]ATTACK: NON-EXISTANT SUBJECT shot Unknown(noobpwnt4lif3) with the bullet (NEWHP: 100)(27,130,1)
[19:45:54]ATTACK: NON-EXISTANT SUBJECT shot Unknown(noobpwnt4lif3) with the bullet (NEWHP: 100)(27,130,1)
[19:45:56]ATTACK: NON-EXISTANT SUBJECT shot Unknown(noobpwnt4lif3) with the bullet (NEWHP: 100)(27,129,1)
[19:45:58]ATTACK: NON-EXISTANT SUBJECT shot Unknown(noobpwnt4lif3) with the bullet (NEWHP: 100)(27,129,1)
[19:46:42]ATTACK: Gunner shot Gunner with the bullet (NEWHP: 260)(15,129,1)
[19:46:43]ATTACK: Gunner shot Unknown(noobpwnt4lif3) with the bullet (NEWHP: 100)(19,127,1)
[19:46:43]ATTACK: Gunner shot Unknown(noobpwnt4lif3) with the bullet (NEWHP: 100)(19,127,1)
[19:46:43]ATTACK: Gunner shot Unknown(noobpwnt4lif3) with the bullet (NEWHP: 100)(19,127,1)
[19:46:43]ATTACK: Gunner shot Gunner with the bullet (NEWHP: 220)(17,128,1)
[19:46:43]ATTACK: Gunner shot Unknown(noobpwnt4lif3) with the bullet (NEWHP: 100)(19,127,1)
[19:46:43]ATTACK: Unknown(noobpwnt4lif3) shot Gunner with the bullet (NEWHP: 180)(17,128,1)
[19:46:43]ATTACK: Unknown(noobpwnt4lif3) shot Gunner with the bullet (NEWHP: 140)(17,128,1)
[19:46:43]ATTACK: Unknown(noobpwnt4lif3) shot Gunner with the bullet (NEWHP: 100)(17,128,1)
[19:46:49]ATTACK: Gunner shot Unknown(noobpwnt4lif3) with the bullet (NEWHP: 100)(24,127,1)
[19:46:49]ATTACK: Gunner shot Unknown(noobpwnt4lif3) with the bullet (NEWHP: 100)(24,127,1)
[19:46:49]ATTACK: Gunner shot Unknown(noobpwnt4lif3) with the bullet (NEWHP: 100)(25,127,1)
[19:46:49]ATTACK: Gunner shot Unknown(noobpwnt4lif3) with the bullet (NEWHP: 100)(25,127,1)
[19:46:49]ATTACK: Gunner shot Unknown(noobpwnt4lif3) with the bullet (NEWHP: 100)(25,127,1)
[19:46:51]ATTACK: Unknown(noobpwnt4lif3) shot Gunner with the bullet (NEWHP: 60)(22,127,1)
[19:46:51]ATTACK: Unknown(noobpwnt4lif3) shot Gunner with the bullet (NEWHP: 20)(22,127,1)
[19:46:55]ATTACK: Unknown(noobpwnt4lif3) hit Gunner with 10-mm submachine gun (NEWHP: 295)(25,127,1)
[19:46:55]ATTACK: Gunner shot Unknown(noobpwnt4lif3) with the bullet (NEWHP: 100)(27,127,1)
[19:46:55]ATTACK: Gunner shot Unknown(noobpwnt4lif3) with the bullet (NEWHP: 100)(27,127,1)
[19:46:55]ATTACK: Gunner shot Unknown(noobpwnt4lif3) with the bullet (NEWHP: 100)(27,127,1)
[19:46:57]ATTACK: Gunner attacked Unknown(noobpwnt4lif3)  (NEWHP: 100)(24,128,1)
[19:47:01]ATTACK: Gunner shot Unknown(noobpwnt4lif3) with the bullet (NEWHP: 100)(22,128,1)
[19:47:01]ATTACK: Gunner shot Unknown(noobpwnt4lif3) with the bullet (NEWHP: 100)(22,128,1)
[19:47:02]ATTACK: Gunner shot Unknown(noobpwnt4lif3) with the bullet (NEWHP: 100)(22,128,1)
[19:47:03]ATTACK: Unknown(noobpwnt4lif3) shot Gunner with the bullet (NEWHP: 255)(25,128,1)
[19:47:03]ATTACK: Unknown(noobpwnt4lif3) shot Gunner with the bullet (NEWHP: 215)(25,128,1)
[19:47:03]ATTACK: Unknown(noobpwnt4lif3) shot Gunner with the bullet (NEWHP: 175)(24,128,1)
[19:47:04]ATTACK: Unknown(noobpwnt4lif3) shot Gunner with the bullet (NEWHP: 135)(24,128,1)
[19:47:04]ATTACK: Unknown(noobpwnt4lif3) shot Gunner with the bullet (NEWHP: 95)(24,128,1)
[19:47:04]ATTACK: Unknown(noobpwnt4lif3) shot Gunner with the bullet (NEWHP: 55)(24,128,1)
[19:47:05]ATTACK: Unknown(noobpwnt4lif3) shot Gunner with the bullet (NEWHP: 15)(25,128,1)
[19:47:06]ATTACK: Unknown(noobpwnt4lif3) shot Priscilla Koepple with the bullet (NEWHP: 100)(25,128,1)
[19:49:45]ATTACK: Gunner shot Unknown(noobpwnt4lif3) with the bullet (NEWHP: 100)(10,133,1)
[19:49:45]ATTACK: Gunner shot Unknown(noobpwnt4lif3) with the bullet (NEWHP: 100)(10,133,1)
[19:49:45]ATTACK: Gunner shot Unknown(noobpwnt4lif3) with the bullet (NEWHP: 100)(10,133,1)
[19:49:49]ATTACK: Unknown(noobpwnt4lif3) shot Gunner with the bullet (NEWHP: 265)(10,135,1)
[19:49:50]ATTACK: Unknown(noobpwnt4lif3) shot Gunner with the bullet (NEWHP: 230)(10,135,1)
[19:49:50]ATTACK: Unknown(noobpwnt4lif3) shot Gunner with the bullet (NEWHP: 195)(10,135,1)
[19:49:50]ATTACK: Unknown(noobpwnt4lif3) shot Gunner with the bullet (NEWHP: 162)(10,135,1)
[19:49:50]ATTACK: Unknown(noobpwnt4lif3) shot Gunner with the bullet (NEWHP: 129)(10,135,1)
[19:49:50]ATTACK: Unknown(noobpwnt4lif3) shot Gunner with the bullet (NEWHP: 96)(10,135,1)
[19:49:50]ATTACK: Unknown(noobpwnt4lif3) shot Gunner with the bullet (NEWHP: 63)(10,135,1)
[19:49:51]ATTACK: Gunner shot Unknown(noobpwnt4lif3) with the bullet (NEWHP: 100)(10,133,1)
[19:49:51]ATTACK: Gunner shot Unknown(noobpwnt4lif3) with the bullet (NEWHP: 100)(10,133,1)
[19:49:51]ATTACK: Gunner shot Unknown(noobpwnt4lif3) with the bullet (NEWHP: 100)(10,133,1)
[19:49:52]ATTACK: Unknown(noobpwnt4lif3) shot Gunner with the bullet (NEWHP: 28)(10,136,1)
[19:49:52]ATTACK: Unknown(noobpwnt4lif3) shot Gladwyn Tireman with the bullet (NEWHP: 100)(10,136,1)
[19:49:53]ATTACK: Unknown(noobpwnt4lif3) shot Gladwyn Tireman with the bullet (NEWHP: 100)(10,136,1)
[19:49:53]ATTACK: Unknown(noobpwnt4lif3) shot Gladwyn Tireman with the bullet (NEWHP: 100)(10,136,1)
[19:49:53]ATTACK: Unknown(noobpwnt4lif3) shot Gladwyn Tireman with the bullet (NEWHP: 100)(10,136,1)
[19:49:53]ATTACK: Unknown(noobpwnt4lif3) shot Gladwyn Tireman with the bullet (NEWHP: 100)(10,136,1)
[19:50:24]ATTACK: venus human trap attacked venus human trap  (NEWHP: 65)(167,164,1)
[19:50:24]ATTACK: venus human trap attacked venus human trap  (NEWHP: 75)(166,164,1)
[19:50:28]ATTACK: venus human trap attacked venus human trap  (NEWHP: 35)(167,164,1)
[19:50:28]ATTACK: venus human trap attacked venus human trap  (NEWHP: 45)(166,164,1)
[19:50:30]ATTACK: venus human trap attacked venus human trap  (NEWHP: 10)(167,163,1)
[19:50:55]ATTACK: Gunner shot Unknown(noobpwnt4lif3) with the bullet (NEWHP: 76)(13,135,1)
[19:50:57]ATTACK: Unknown(noobpwnt4lif3) shot Gunner with the bullet (NEWHP: 257)(12,138,1)
[19:50:57]ATTACK: Unknown(noobpwnt4lif3) shot Gunner with the bullet (NEWHP: 224)(12,138,1)
[19:50:57]ATTACK: Unknown(noobpwnt4lif3) shot Gunner with the bullet (NEWHP: 191)(12,138,1)
[19:50:57]ATTACK: Unknown(noobpwnt4lif3) shot Gunner with the bullet (NEWHP: 158)(12,138,1)
[19:50:58]ATTACK: Unknown(noobpwnt4lif3) shot Gunner with the bullet (NEWHP: 125)(12,138,1)
[19:50:58]ATTACK: Unknown(noobpwnt4lif3) shot Gunner with the bullet (NEWHP: 92)(12,138,1)
[19:50:58]ATTACK: Unknown(noobpwnt4lif3) shot Gunner with the bullet (NEWHP: 59)(12,138,1)
[19:50:59]ATTACK: Unknown(noobpwnt4lif3) shot Gunner with the bullet (NEWHP: 26)(12,138,1)
[19:50:59]ATTACK: Unknown(noobpwnt4lif3) shot Ayla Swabey with the bullet (NEWHP: 100)(12,137,1)
[19:52:02]ATTACK: Gunner attacked Unknown(noobpwnt4lif3)  (NEWHP: 76)(10,142,1)
[19:52:02]ATTACK: Unknown(noobpwnt4lif3) shot Gunner with the plasma_beam (NEWHP: 250)(9,143,1)
[19:52:03]ATTACK: Unknown(noobpwnt4lif3) shot Gunner with the bullet (NEWHP: 215)(9,144,1)
[19:52:04]ATTACK: Unknown(noobpwnt4lif3) shot Gunner with the plasma_beam (NEWHP: 165)(8,145,1)
[19:52:05]ATTACK: Unknown(noobpwnt4lif3) shot Gunner with the plasma_beam (NEWHP: 115)(8,145,1)
[19:52:05]ATTACK: Unknown(noobpwnt4lif3) shot Gunner with the bullet (NEWHP: 80)(8,145,1)
[19:52:05]ATTACK: Unknown(noobpwnt4lif3) shot Gunner with the bullet (NEWHP: 45)(9,144,1)
[19:52:05]ATTACK: Unknown(noobpwnt4lif3) shot Gunner with the bullet (NEWHP: 10)(9,144,1)
[19:52:05]ATTACK: Gunner shot Unknown(noobpwnt4lif3) with the bullet (NEWHP: 76)(10,142,1)
[19:52:05]ATTACK: Unknown(noobpwnt4lif3) shot Collin Jerome with the bullet (NEWHP: 100)(9,144,1)
[19:52:05]ATTACK: NON-EXISTANT SUBJECT shot Unknown(noobpwnt4lif3) with the bullet (NEWHP: 76)(10,142,1)
[19:52:05]ATTACK: Unknown(noobpwnt4lif3) shot Collin Jerome with the bullet (NEWHP: 100)(9,144,1)
[19:52:09]ATTACK: Gekkon attacked Raider  (NEWHP: 75)(142,93,1)
[19:52:09]ATTACK: Raider attacked Gekkon  (NEWHP: 60)(141,93,1)
[19:52:13]ATTACK: Raider shot Gekkon with the pellet (NEWHP: 15)(155,93,1)
[19:52:15]ATTACK: Raider shot Gekkon with the bullet (NEWHP: 0)(164,93,1)
[19:52:51]ATTACK: Unknown(noobpwnt4lif3) fed Unknown(noobpwnt4lif3) with styptic_powder(30 units); silver_sulfadiazine(30 units);  (NEWHP: 76)(11,130,1)
[19:53:10]ATTACK: Unknown(noobpwnt4lif3) shot Gunner with the bullet (NEWHP: 265)(19,151,1)
[19:53:10]ATTACK: Unknown(noobpwnt4lif3) shot Gunner with the bullet (NEWHP: 230)(19,151,1)
[19:53:10]ATTACK: Unknown(noobpwnt4lif3) shot Gunner with the bullet (NEWHP: 195)(19,151,1)
[19:53:11]ATTACK: Unknown(noobpwnt4lif3) shot Gunner with the bullet (NEWHP: 160)(19,151,1)
[19:53:11]ATTACK: Unknown(noobpwnt4lif3) shot Gunner with the bullet (NEWHP: 125)(19,151,1)
[19:53:11]ATTACK: Unknown(noobpwnt4lif3) shot Gunner with the bullet (NEWHP: 90)(18,151,1)
[19:53:11]ATTACK: Unknown(noobpwnt4lif3) shot Gunner with the bullet (NEWHP: 55)(18,151,1)
[19:53:11]ATTACK: Unknown(noobpwnt4lif3) shot Gunner with the bullet (NEWHP: 20)(18,151,1)
[19:53:46]ATTACK: Molerat attacked yaogai  (NEWHP: 300)(138,160,1)
[19:53:46]ATTACK: yaogai attacked Molerat  (NEWHP: 50)(137,159,1)
[19:53:48]ATTACK: Molerat attacked yaogai  (NEWHP: 293)(138,160,1)
[19:53:48]ATTACK: yaogai attacked Molerat  (NEWHP: 19)(137,159,1)
[19:55:01]ATTACK: Unknown(noobpwnt4lif3) fed Unknown(noobpwnt4lif3) with charcoal(50 units);  (NEWHP: 100)(27,148,1)
[19:55:10]ATTACK: Molerat attacked Unknown(noobpwnt4lif3)  (NEWHP: 100)(33,149,1)
[19:55:12]ATTACK: Molerat attacked Unknown(noobpwnt4lif3)  (NEWHP: 100)(33,148,1)
[19:55:14]ATTACK: Unknown(noobpwnt4lif3) shot Molerat with the bullet (NEWHP: 10)(34,149,1)
[19:55:14]ATTACK: Unknown(noobpwnt4lif3) shot Molerat with the bullet (NEWHP: 0)(34,149,1)
[19:55:24]ATTACK: Unknown(noobpwnt4lif3) shot Molerat with the bullet (NEWHP: 10)(50,149,1)
[19:55:24]ATTACK: Molerat attacked Unknown(noobpwnt4lif3)  (NEWHP: 100)(49,149,1)
[19:55:25]ATTACK: Unknown(noobpwnt4lif3) shot Molerat with the bullet (NEWHP: 0)(49,149,1)
[19:55:34]ATTACK: Unknown(noobpwnt4lif3) shot Molerat with the bullet (NEWHP: 10)(50,146,1)
[19:55:35]ATTACK: Unknown(noobpwnt4lif3) shot Molerat with the bullet (NEWHP: 0)(50,146,1)
[19:56:33]ATTACK: Molerat attacked Unknown(noobpwnt4lif3)  (NEWHP: 100)(58,139,1)
[19:56:33]ATTACK: Unknown(noobpwnt4lif3) shot Molerat with the bullet (NEWHP: 15)(59,139,1)
[19:56:33]ATTACK: Unknown(noobpwnt4lif3) shot Molerat with the bullet (NEWHP: 0)(59,139,1)
[19:56:38]ATTACK: Unknown(noobpwnt4lif3) shot Molerat with the bullet (NEWHP: 15)(61,139,1)
[19:56:39]ATTACK: Unknown(noobpwnt4lif3) shot Molerat with the bullet (NEWHP: 0)(61,138,1)
[19:57:01]ATTACK: Unknown(noobpwnt4lif3) shot giant rad scorpion (518) with the bullet (NEWHP: 165)(59,159,1)
[19:57:02]ATTACK: Unknown(noobpwnt4lif3) shot giant rad scorpion (518) with the bullet (NEWHP: 130)(59,159,1)
[19:57:02]ATTACK: Unknown(noobpwnt4lif3) shot giant rad scorpion (518) with the bullet (NEWHP: 95)(59,159,1)
[19:57:03]ATTACK: Unknown(noobpwnt4lif3) shot giant spider (49) with the bullet (NEWHP: 5)(60,159,1)
[19:57:04]ATTACK: Unknown(noobpwnt4lif3) shot giant spider (49) with the bullet (NEWHP: 0)(61,159,1)
[19:57:06]ATTACK: Unknown(noobpwnt4lif3) shot giant rad scorpion (738) with the bullet (NEWHP: 165)(62,156,1)
[19:57:06]ATTACK: Unknown(noobpwnt4lif3) shot giant rad scorpion (738) with the bullet (NEWHP: 130)(62,156,1)
[19:57:06]ATTACK: Unknown(noobpwnt4lif3) shot giant rad scorpion (738) with the bullet (NEWHP: 95)(62,156,1)
[19:57:07]ATTACK: Unknown(noobpwnt4lif3) shot giant rad scorpion (738) with the bullet (NEWHP: 60)(62,156,1)
[19:57:07]ATTACK: Unknown(noobpwnt4lif3) shot giant rad scorpion (738) with the bullet (NEWHP: 25)(62,156,1)
[19:57:07]ATTACK: Unknown(noobpwnt4lif3) shot giant rad scorpion (738) with the bullet (NEWHP: 0)(62,156,1)
[19:57:09]ATTACK: Unknown(noobpwnt4lif3) shot giant rad scorpion (518) with the bullet (NEWHP: 60)(62,156,1)
[19:57:09]ATTACK: Unknown(noobpwnt4lif3) shot giant rad scorpion (518) with the bullet (NEWHP: 25)(62,156,1)
[19:57:10]ATTACK: giant rad scorpion (518) attacked Unknown(noobpwnt4lif3)  (NEWHP: 100)(62,155,1)
[19:57:14]ATTACK: giant rad scorpion (518) attacked Unknown(noobpwnt4lif3)  (NEWHP: 98.5)(61,153,1)
[19:57:16]ATTACK: giant rad scorpion (518) attacked Unknown(noobpwnt4lif3)  (NEWHP: 98.5)(61,153,1)
[19:57:18]ATTACK: giant rad scorpion (518) attacked Unknown(noobpwnt4lif3)  (NEWHP: 98.5)(61,153,1)
[19:57:20]ATTACK: Unknown(noobpwnt4lif3) shot giant rad scorpion (518) with the bullet (NEWHP: 0)(61,154,1)
[19:57:31]ATTACK: Unknown(noobpwnt4lif3) fed Unknown(noobpwnt4lif3) with charcoal(50 units);  (NEWHP: 98.5)(54,156,1)
[19:57:44]ATTACK: Unknown(noobpwnt4lif3) shot giant rad scorpion (869) with the bullet (NEWHP: 130)(58,158,1)
[19:57:45]ATTACK: giant rad scorpion (869) attacked Unknown(noobpwnt4lif3)  (NEWHP: 100)(56,157,1)
[19:57:50]ATTACK: Unknown(noobpwnt4lif3) shot giant rad scorpion (869) with the bullet (NEWHP: 60)(55,160,1)
[19:57:57]ATTACK: giant rad scorpion (869) attacked Unknown(noobpwnt4lif3)  (NEWHP: 100)(54,164,1)
[19:57:59]ATTACK: giant rad scorpion (869) attacked Unknown(noobpwnt4lif3)  (NEWHP: 98.5)(54,164,1)
[19:57:59]ATTACK: Unknown(noobpwnt4lif3) shot giant rad scorpion (869) with the laser (NEWHP: 30)(54,163,1)
[19:58:00]ATTACK: Unknown(noobpwnt4lif3) shot giant rad scorpion (869) with the laser (NEWHP: 0)(54,163,1)
[19:58:06]ATTACK: Unknown(noobpwnt4lif3) fed Unknown(noobpwnt4lif3) with potass_iodide(30 units); pen_acid(10 units);  (NEWHP: 98.5)(54,156,1)
[19:58:13]ATTACK: Unknown(noobpwnt4lif3) shot Default Cyborg-221 with the laser (NEWHP: -100)(41,158,1)
[19:58:13]ATTACK: Unknown(noobpwnt4lif3) shot Default Cyborg-221 with the laser (NEWHP: -100)(41,158,1)
[19:58:14]ATTACK: Unknown(noobpwnt4lif3) shot Default Cyborg-221 with the laser (NEWHP: -100)(41,158,1)
[19:58:55]ATTACK: Molerat attacked Mutant  (NEWHP: 250)(120,228,4)
[19:58:55]ATTACK: Mutant attacked Molerat  (NEWHP: 50)(121,228,4)
[19:58:57]ATTACK: Molerat attacked Mutant  (NEWHP: 250)(120,228,4)
[19:58:57]ATTACK: Molerat attacked Mutant  (NEWHP: 250)(120,228,4)
[19:58:57]ATTACK: Mutant attacked Molerat  (NEWHP: 20)(121,228,4)
[19:58:59]ATTACK: Molerat attacked Mutant  (NEWHP: 250)(120,228,4)
[19:59:01]ATTACK: Molerat attacked Mutant  (NEWHP: 250)(120,228,4)
[19:59:01]ATTACK: Mutant attacked Molerat  (NEWHP: 50)(121,229,4)
[19:59:03]ATTACK: Molerat attacked Mutant  (NEWHP: 250)(120,228,4)
[19:59:03]ATTACK: Molerat attacked yaogai  (NEWHP: 287)(130,153,1)
[19:59:03]ATTACK: Molerat attacked yaogai  (NEWHP: 277)(130,153,1)
[19:59:03]ATTACK: Mutant attacked Molerat  (NEWHP: 24)(121,229,4)
[19:59:03]ATTACK: yaogai attacked Molerat  (NEWHP: 50)(129,153,1)
[19:59:05]ATTACK: Molerat attacked yaogai  (NEWHP: 267)(130,153,1)
[19:59:05]ATTACK: Molerat attacked yaogai  (NEWHP: 259)(130,153,1)
[19:59:05]ATTACK: yaogai attacked Molerat  (NEWHP: 50)(129,154,1)
[19:59:07]ATTACK: Molerat attacked yaogai  (NEWHP: 249)(130,153,1)
[19:59:07]ATTACK: Molerat attacked yaogai  (NEWHP: 241)(130,153,1)
[19:59:07]ATTACK: yaogai attacked Molerat  (NEWHP: 24)(129,153,1)
[19:59:09]ATTACK: Molerat attacked yaogai  (NEWHP: 236)(130,153,1)
[19:59:09]ATTACK: yaogai attacked Molerat  (NEWHP: 23)(129,154,1)
[20:01:00]ATTACK: Molerat attacked yaogai  (NEWHP: 228)(134,151,1)
[20:01:00]ATTACK: yaogai attacked Molerat  (NEWHP: 50)(135,151,1)
[20:01:02]ATTACK: Molerat attacked yaogai  (NEWHP: 223)(134,151,1)
[20:01:02]ATTACK: yaogai attacked Molerat  (NEWHP: 20)(135,151,1)
[20:01:50]ATTACK: Alexis Moon(noobpwnt4lif3) shot Alexis Moon(noobpwnt4lif3) with the bullet (NEWHP: 100)(13,135,1)
[20:01:57]ATTACK: venus human trap attacked Space Bat  (NEWHP: 15)(160,151,1)
[20:01:59]ATTACK: venus human trap attacked Space Bat  (NEWHP: 0)(160,151,1)
[20:02:07]ATTACK: venus human trap attacked Space Bat  (NEWHP: 0)(160,151,1)
